<?xml version="1.0" encoding="UTF-8"?>
<robot generator="Robot 6.0.2 (Python 3.9.7 on linux)" generated="20230227 10:37:12.918" rpa="false" schemaversion="3">
<suite id="s1" name="Source" source="/workspace/source">
<suite id="s1-s1" name="Data Driven" source="/workspace/source/data_driven.robot">
<test id="s1-s1-t1" name="Addition" line="17">
<kw name="Calculate">
<arg>12 + 2 + 2</arg>
<arg>16</arg>
<kw name="Push Buttons" library="CalculatorLibrary">
<arg>C${expression}=</arg>
<doc>Pushes the specified ``buttons``.</doc>
<status status="PASS" starttime="20230227 10:37:12.944" endtime="20230227 10:37:12.944"/>
</kw>
<kw name="Result Should Be" library="CalculatorLibrary">
<arg>${expected}</arg>
<doc>Verifies that the current result is ``expected``.</doc>
<status status="PASS" starttime="20230227 10:37:12.944" endtime="20230227 10:37:12.945"/>
</kw>
<status status="PASS" starttime="20230227 10:37:12.944" endtime="20230227 10:37:12.945"/>
</kw>
<kw name="Calculate">
<arg>2 + -3</arg>
<arg>-1</arg>
<kw name="Push Buttons" library="CalculatorLibrary">
<arg>C${expression}=</arg>
<doc>Pushes the specified ``buttons``.</doc>
<status status="PASS" starttime="20230227 10:37:12.945" endtime="20230227 10:37:12.945"/>
</kw>
<kw name="Result Should Be" library="CalculatorLibrary">
<arg>${expected}</arg>
<doc>Verifies that the current result is ``expected``.</doc>
<status status="PASS" starttime="20230227 10:37:12.946" endtime="20230227 10:37:12.946"/>
</kw>
<status status="PASS" starttime="20230227 10:37:12.945" endtime="20230227 10:37:12.946"/>
</kw>
<status status="PASS" starttime="20230227 10:37:12.943" endtime="20230227 10:37:12.946"/>
</test>
<test id="s1-s1-t2" name="Subtraction" line="20">
<kw name="Calculate">
<arg>12 - 2 - 2</arg>
<arg>8</arg>
<kw name="Push Buttons" library="CalculatorLibrary">
<arg>C${expression}=</arg>
<doc>Pushes the specified ``buttons``.</doc>
<status status="PASS" starttime="20230227 10:37:12.947" endtime="20230227 10:37:12.947"/>
</kw>
<kw name="Result Should Be" library="CalculatorLibrary">
<arg>${expected}</arg>
<doc>Verifies that the current result is ``expected``.</doc>
<status status="PASS" starttime="20230227 10:37:12.947" endtime="20230227 10:37:12.948"/>
</kw>
<status status="PASS" starttime="20230227 10:37:12.947" endtime="20230227 10:37:12.948"/>
</kw>
<kw name="Calculate">
<arg>2 - -3</arg>
<arg>5</arg>
<kw name="Push Buttons" library="CalculatorLibrary">
<arg>C${expression}=</arg>
<doc>Pushes the specified ``buttons``.</doc>
<status status="PASS" starttime="20230227 10:37:12.948" endtime="20230227 10:37:12.948"/>
</kw>
<kw name="Result Should Be" library="CalculatorLibrary">
<arg>${expected}</arg>
<doc>Verifies that the current result is ``expected``.</doc>
<status status="PASS" starttime="20230227 10:37:12.948" endtime="20230227 10:37:12.949"/>
</kw>
<status status="PASS" starttime="20230227 10:37:12.948" endtime="20230227 10:37:12.949"/>
</kw>
<status status="PASS" starttime="20230227 10:37:12.946" endtime="20230227 10:37:12.949"/>
</test>
<test id="s1-s1-t3" name="Multiplication" line="23">
<kw name="Calculate">
<arg>12 * 2 * 2</arg>
<arg>48</arg>
<kw name="Push Buttons" library="CalculatorLibrary">
<arg>C${expression}=</arg>
<doc>Pushes the specified ``buttons``.</doc>
<status status="PASS" starttime="20230227 10:37:12.950" endtime="20230227 10:37:12.950"/>
</kw>
<kw name="Result Should Be" library="CalculatorLibrary">
<arg>${expected}</arg>
<doc>Verifies that the current result is ``expected``.</doc>
<status status="PASS" starttime="20230227 10:37:12.950" endtime="20230227 10:37:12.950"/>
</kw>
<status status="PASS" starttime="20230227 10:37:12.949" endtime="20230227 10:37:12.950"/>
</kw>
<kw name="Calculate">
<arg>2 * -3</arg>
<arg>-6</arg>
<kw name="Push Buttons" library="CalculatorLibrary">
<arg>C${expression}=</arg>
<doc>Pushes the specified ``buttons``.</doc>
<status status="PASS" starttime="20230227 10:37:12.951" endtime="20230227 10:37:12.951"/>
</kw>
<kw name="Result Should Be" library="CalculatorLibrary">
<arg>${expected}</arg>
<doc>Verifies that the current result is ``expected``.</doc>
<status status="PASS" starttime="20230227 10:37:12.951" endtime="20230227 10:37:12.951"/>
</kw>
<status status="PASS" starttime="20230227 10:37:12.950" endtime="20230227 10:37:12.951"/>
</kw>
<status status="PASS" starttime="20230227 10:37:12.949" endtime="20230227 10:37:12.951"/>
</test>
<test id="s1-s1-t4" name="Division" line="26">
<kw name="Calculate">
<arg>12 / 2 / 2</arg>
<arg>3</arg>
<kw name="Push Buttons" library="CalculatorLibrary">
<arg>C${expression}=</arg>
<doc>Pushes the specified ``buttons``.</doc>
<status status="PASS" starttime="20230227 10:37:12.952" endtime="20230227 10:37:12.953"/>
</kw>
<kw name="Result Should Be" library="CalculatorLibrary">
<arg>${expected}</arg>
<doc>Verifies that the current result is ``expected``.</doc>
<status status="PASS" starttime="20230227 10:37:12.953" endtime="20230227 10:37:12.953"/>
</kw>
<status status="PASS" starttime="20230227 10:37:12.952" endtime="20230227 10:37:12.953"/>
</kw>
<kw name="Calculate">
<arg>2 / -3</arg>
<arg>-1</arg>
<kw name="Push Buttons" library="CalculatorLibrary">
<arg>C${expression}=</arg>
<doc>Pushes the specified ``buttons``.</doc>
<status status="PASS" starttime="20230227 10:37:12.953" endtime="20230227 10:37:12.954"/>
</kw>
<kw name="Result Should Be" library="CalculatorLibrary">
<arg>${expected}</arg>
<doc>Verifies that the current result is ``expected``.</doc>
<status status="PASS" starttime="20230227 10:37:12.954" endtime="20230227 10:37:12.954"/>
</kw>
<status status="PASS" starttime="20230227 10:37:12.953" endtime="20230227 10:37:12.954"/>
</kw>
<status status="PASS" starttime="20230227 10:37:12.952" endtime="20230227 10:37:12.954"/>
</test>
<test id="s1-s1-t5" name="Failing" line="29">
<kw name="Calculate">
<arg>2 + 1</arg>
<arg>3</arg>
<kw name="Push Buttons" library="CalculatorLibrary">
<arg>C${expression}=</arg>
<doc>Pushes the specified ``buttons``.</doc>
<status status="PASS" starttime="20230227 10:37:12.955" endtime="20230227 10:37:12.955"/>
</kw>
<kw name="Result Should Be" library="CalculatorLibrary">
<arg>${expected}</arg>
<doc>Verifies that the current result is ``expected``.</doc>
<status status="PASS" starttime="20230227 10:37:12.955" endtime="20230227 10:37:12.955"/>
</kw>
<status status="PASS" starttime="20230227 10:37:12.955" endtime="20230227 10:37:12.956"/>
</kw>
<status status="PASS" starttime="20230227 10:37:12.954" endtime="20230227 10:37:12.956"/>
</test>
<test id="s1-s1-t6" name="Calculation error" line="31">
<kw name="Calculation should fail">
<arg>kekkonen</arg>
<arg>Invalid button 'k'.</arg>
<kw name="Should Cause Error" library="CalculatorLibrary">
<var>${error}</var>
<arg>C${expression}=</arg>
<doc>Verifies that calculating the given ``expression`` causes an error.</doc>
<msg timestamp="20230227 10:37:12.957" level="INFO">${error} = Invalid button 'k'.</msg>
<status status="PASS" starttime="20230227 10:37:12.956" endtime="20230227 10:37:12.957"/>
</kw>
<kw name="Should Be Equal" library="BuiltIn">
<arg>${expected}</arg>
<arg>${error}</arg>
<doc>Fails if the given objects are unequal.</doc>
<status status="PASS" starttime="20230227 10:37:12.957" endtime="20230227 10:37:12.957"/>
</kw>
<status status="PASS" starttime="20230227 10:37:12.956" endtime="20230227 10:37:12.957"/>
</kw>
<kw name="Calculation should fail">
<arg>${EMPTY}</arg>
<arg>Invalid expression.</arg>
<kw name="Should Cause Error" library="CalculatorLibrary">
<var>${error}</var>
<arg>C${expression}=</arg>
<doc>Verifies that calculating the given ``expression`` causes an error.</doc>
<msg timestamp="20230227 10:37:12.958" level="INFO">${error} = Invalid expression.</msg>
<status status="PASS" starttime="20230227 10:37:12.958" endtime="20230227 10:37:12.958"/>
</kw>
<kw name="Should Be Equal" library="BuiltIn">
<arg>${expected}</arg>
<arg>${error}</arg>
<doc>Fails if the given objects are unequal.</doc>
<status status="PASS" starttime="20230227 10:37:12.959" endtime="20230227 10:37:12.959"/>
</kw>
<status status="PASS" starttime="20230227 10:37:12.957" endtime="20230227 10:37:12.959"/>
</kw>
<kw name="Calculation should fail">
<arg>1 / 0</arg>
<arg>Division by zero.</arg>
<kw name="Should Cause Error" library="CalculatorLibrary">
<var>${error}</var>
<arg>C${expression}=</arg>
<doc>Verifies that calculating the given ``expression`` causes an error.</doc>
<msg timestamp="20230227 10:37:12.960" level="INFO">${error} = Division by zero.</msg>
<status status="PASS" starttime="20230227 10:37:12.959" endtime="20230227 10:37:12.960"/>
</kw>
<kw name="Should Be Equal" library="BuiltIn">
<arg>${expected}</arg>
<arg>${error}</arg>
<doc>Fails if the given objects are unequal.</doc>
<status status="PASS" starttime="20230227 10:37:12.960" endtime="20230227 10:37:12.960"/>
</kw>
<status status="PASS" starttime="20230227 10:37:12.959" endtime="20230227 10:37:12.960"/>
</kw>
<status status="PASS" starttime="20230227 10:37:12.956" endtime="20230227 10:37:12.960"/>
</test>
<doc>Example test cases using the data-driven testing approach.

The _data-driven_ style works well when you need to repeat
the same workflow multiple times.

Tests use ``Calculate`` keyword created in this file, that in
turn uses keywords in ``CalculatorLibrary.py``. An exception
is the last test that has a custom _template keyword_.

Notice that one of these tests fails on purpose to show how
failures look like.</doc>
<status status="PASS" starttime="20230227 10:37:12.939" endtime="20230227 10:37:12.961"/>
</suite>
<suite id="s1-s2" name="Gherkin" source="/workspace/source/gherkin.robot">
<test id="s1-s2-t1" name="Addition" line="16">
<kw name="Given calculator has been cleared">
<kw name="Push Button" library="CalculatorLibrary">
<arg>C</arg>
<doc>Pushes the specified ``button``.</doc>
<status status="PASS" starttime="20230227 10:37:12.964" endtime="20230227 10:37:12.965"/>
</kw>
<status status="PASS" starttime="20230227 10:37:12.964" endtime="20230227 10:37:12.965"/>
</kw>
<kw name="When user types &quot;1 + 1&quot;" sourcename="User types &quot;${expression}&quot;">
<kw name="Push Buttons" library="CalculatorLibrary">
<arg>${expression}</arg>
<doc>Pushes the specified ``buttons``.</doc>
<status status="PASS" starttime="20230227 10:37:12.965" endtime="20230227 10:37:12.965"/>
</kw>
<status status="PASS" starttime="20230227 10:37:12.965" endtime="20230227 10:37:12.965"/>
</kw>
<kw name="and user pushes equals">
<kw name="Push Button" library="CalculatorLibrary">
<arg>=</arg>
<doc>Pushes the specified ``button``.</doc>
<status status="PASS" starttime="20230227 10:37:12.966" endtime="20230227 10:37:12.966"/>
</kw>
<status status="PASS" starttime="20230227 10:37:12.966" endtime="20230227 10:37:12.966"/>
</kw>
<kw name="Then result is &quot;2&quot;" sourcename="Result is &quot;${result}&quot;">
<kw name="Result Should Be" library="CalculatorLibrary">
<arg>${result}</arg>
<doc>Verifies that the current result is ``expected``.</doc>
<status status="PASS" starttime="20230227 10:37:12.966" endtime="20230227 10:37:12.967"/>
</kw>
<status status="PASS" starttime="20230227 10:37:12.966" endtime="20230227 10:37:12.967"/>
</kw>
<status status="PASS" starttime="20230227 10:37:12.964" endtime="20230227 10:37:12.967"/>
</test>
<doc>Example test case using the gherkin syntax.

This test has a workflow similar to the keyword-driven
examples. The difference is that the keywords use higher
abstraction level and their arguments are embedded into
the keyword names.

This kind of _gherkin_ syntax has been made popular by
[http://cukes.info|Cucumber]. It works well especially when
tests act as examples that need to be easily understood also
by the business people.</doc>
<status status="PASS" starttime="20230227 10:37:12.961" endtime="20230227 10:37:12.967"/>
</suite>
<suite id="s1-s3" name="Keyword Driven" source="/workspace/source/keyword_driven.robot">
<test id="s1-s3-t1" name="Push button" line="16">
<kw name="Push Button" library="CalculatorLibrary">
<arg>1</arg>
<doc>Pushes the specified ``button``.</doc>
<status status="PASS" starttime="20230227 10:37:12.970" endtime="20230227 10:37:12.970"/>
</kw>
<kw name="Result Should Be" library="CalculatorLibrary">
<arg>1</arg>
<doc>Verifies that the current result is ``expected``.</doc>
<status status="PASS" starttime="20230227 10:37:12.970" endtime="20230227 10:37:12.970"/>
</kw>
<status status="PASS" starttime="20230227 10:37:12.970" endtime="20230227 10:37:12.970"/>
</test>
<test id="s1-s3-t2" name="Push multiple buttons" line="20">
<kw name="Push Button" library="CalculatorLibrary">
<arg>1</arg>
<doc>Pushes the specified ``button``.</doc>
<status status="PASS" starttime="20230227 10:37:12.971" endtime="20230227 10:37:12.971"/>
</kw>
<kw name="Push Button" library="CalculatorLibrary">
<arg>2</arg>
<doc>Pushes the specified ``button``.</doc>
<status status="PASS" starttime="20230227 10:37:12.971" endtime="20230227 10:37:12.972"/>
</kw>
<kw name="Result Should Be" library="CalculatorLibrary">
<arg>12</arg>
<doc>Verifies that the current result is ``expected``.</doc>
<status status="PASS" starttime="20230227 10:37:12.972" endtime="20230227 10:37:12.972"/>
</kw>
<status status="PASS" starttime="20230227 10:37:12.971" endtime="20230227 10:37:12.972"/>
</test>
<test id="s1-s3-t3" name="Simple calculation" line="25">
<kw name="Push Button" library="CalculatorLibrary">
<arg>1</arg>
<doc>Pushes the specified ``button``.</doc>
<status status="PASS" starttime="20230227 10:37:12.972" endtime="20230227 10:37:12.973"/>
</kw>
<kw name="Push Button" library="CalculatorLibrary">
<arg>+</arg>
<doc>Pushes the specified ``button``.</doc>
<status status="PASS" starttime="20230227 10:37:12.973" endtime="20230227 10:37:12.973"/>
</kw>
<kw name="Push Button" library="CalculatorLibrary">
<arg>2</arg>
<doc>Pushes the specified ``button``.</doc>
<status status="PASS" starttime="20230227 10:37:12.973" endtime="20230227 10:37:12.973"/>
</kw>
<kw name="Push Button" library="CalculatorLibrary">
<arg>=</arg>
<doc>Pushes the specified ``button``.</doc>
<status status="PASS" starttime="20230227 10:37:12.973" endtime="20230227 10:37:12.973"/>
</kw>
<kw name="Result Should Be" library="CalculatorLibrary">
<arg>3</arg>
<doc>Verifies that the current result is ``expected``.</doc>
<status status="PASS" starttime="20230227 10:37:12.973" endtime="20230227 10:37:12.973"/>
</kw>
<status status="PASS" starttime="20230227 10:37:12.972" endtime="20230227 10:37:12.974"/>
</test>
<test id="s1-s3-t4" name="Longer calculation" line="32">
<kw name="Push Buttons" library="CalculatorLibrary">
<arg>5 + 4 - 3 * 2 / 1 =</arg>
<doc>Pushes the specified ``buttons``.</doc>
<status status="PASS" starttime="20230227 10:37:12.974" endtime="20230227 10:37:12.974"/>
</kw>
<kw name="Result Should Be" library="CalculatorLibrary">
<arg>3</arg>
<doc>Verifies that the current result is ``expected``.</doc>
<status status="PASS" starttime="20230227 10:37:12.974" endtime="20230227 10:37:12.975"/>
</kw>
<status status="PASS" starttime="20230227 10:37:12.974" endtime="20230227 10:37:12.975"/>
</test>
<test id="s1-s3-t5" name="Clear" line="36">
<kw name="Push Button" library="CalculatorLibrary">
<arg>1</arg>
<doc>Pushes the specified ``button``.</doc>
<status status="PASS" starttime="20230227 10:37:12.975" endtime="20230227 10:37:12.975"/>
</kw>
<kw name="Push Button" library="CalculatorLibrary">
<arg>C</arg>
<doc>Pushes the specified ``button``.</doc>
<status status="PASS" starttime="20230227 10:37:12.976" endtime="20230227 10:37:12.976"/>
</kw>
<kw name="Result Should Be" library="CalculatorLibrary">
<arg>${EMPTY}</arg>
<doc>Verifies that the current result is ``expected``.</doc>
<status status="PASS" starttime="20230227 10:37:12.976" endtime="20230227 10:37:12.976"/>
</kw>
<status status="PASS" starttime="20230227 10:37:12.975" endtime="20230227 10:37:12.977"/>
</test>
<doc>Example test cases using the keyword-driven testing approach.

All tests contain a workflow constructed from keywords in
``CalculatorLibrary.py``. Creating new tests or editing
existing is easy even for people without programming skills.

The _keyword-driven_ appoach works well for normal test
automation, but the _gherkin_ style might be even better
if also business people need to understand tests. If the
same workflow needs to repeated multiple times, it is best
to use to the _data-driven_ approach.</doc>
<status status="PASS" starttime="20230227 10:37:12.968" endtime="20230227 10:37:12.977"/>
</suite>
<status status="PASS" starttime="20230227 10:37:12.919" endtime="20230227 10:37:12.978"/>
</suite>
<statistics>
<total>
<stat pass="12" fail="0" skip="0">All Tests</stat>
</total>
<tag>
</tag>
<suite>
<stat pass="12" fail="0" skip="0" id="s1" name="Source">Source</stat>
<stat pass="6" fail="0" skip="0" id="s1-s1" name="Data Driven">Source.Data Driven</stat>
<stat pass="1" fail="0" skip="0" id="s1-s2" name="Gherkin">Source.Gherkin</stat>
<stat pass="5" fail="0" skip="0" id="s1-s3" name="Keyword Driven">Source.Keyword Driven</stat>
</suite>
</statistics>
<errors>
</errors>
</robot>
