<?xml version="1.0" encoding="UTF-8"?>
<robot generator="Robot 6.0.2 (Python 3.9.7 on linux)" generated="20230210 13:16:48.131" rpa="false" schemaversion="3">
<suite id="s1" name="Source" source="/workspace/source">
<suite id="s1-s1" name="Data Driven" source="/workspace/source/data_driven.robot">
<test id="s1-s1-t1" name="Addition" line="17">
<kw name="Calculate">
<arg>12 + 2 + 2</arg>
<arg>16</arg>
<kw name="Push Buttons" library="CalculatorLibrary">
<arg>C${expression}=</arg>
<doc>Pushes the specified ``buttons``.</doc>
<status status="PASS" starttime="20230210 13:16:48.157" endtime="20230210 13:16:48.157"/>
</kw>
<kw name="Result Should Be" library="CalculatorLibrary">
<arg>${expected}</arg>
<doc>Verifies that the current result is ``expected``.</doc>
<status status="PASS" starttime="20230210 13:16:48.157" endtime="20230210 13:16:48.157"/>
</kw>
<status status="PASS" starttime="20230210 13:16:48.156" endtime="20230210 13:16:48.157"/>
</kw>
<kw name="Calculate">
<arg>2 + -3</arg>
<arg>-1</arg>
<kw name="Push Buttons" library="CalculatorLibrary">
<arg>C${expression}=</arg>
<doc>Pushes the specified ``buttons``.</doc>
<status status="PASS" starttime="20230210 13:16:48.158" endtime="20230210 13:16:48.158"/>
</kw>
<kw name="Result Should Be" library="CalculatorLibrary">
<arg>${expected}</arg>
<doc>Verifies that the current result is ``expected``.</doc>
<status status="PASS" starttime="20230210 13:16:48.158" endtime="20230210 13:16:48.158"/>
</kw>
<status status="PASS" starttime="20230210 13:16:48.158" endtime="20230210 13:16:48.158"/>
</kw>
<status status="PASS" starttime="20230210 13:16:48.156" endtime="20230210 13:16:48.159"/>
</test>
<test id="s1-s1-t2" name="Subtraction" line="20">
<kw name="Calculate">
<arg>12 - 2 - 2</arg>
<arg>8</arg>
<kw name="Push Buttons" library="CalculatorLibrary">
<arg>C${expression}=</arg>
<doc>Pushes the specified ``buttons``.</doc>
<status status="PASS" starttime="20230210 13:16:48.159" endtime="20230210 13:16:48.160"/>
</kw>
<kw name="Result Should Be" library="CalculatorLibrary">
<arg>${expected}</arg>
<doc>Verifies that the current result is ``expected``.</doc>
<status status="PASS" starttime="20230210 13:16:48.160" endtime="20230210 13:16:48.160"/>
</kw>
<status status="PASS" starttime="20230210 13:16:48.159" endtime="20230210 13:16:48.160"/>
</kw>
<kw name="Calculate">
<arg>2 - -3</arg>
<arg>5</arg>
<kw name="Push Buttons" library="CalculatorLibrary">
<arg>C${expression}=</arg>
<doc>Pushes the specified ``buttons``.</doc>
<status status="PASS" starttime="20230210 13:16:48.161" endtime="20230210 13:16:48.161"/>
</kw>
<kw name="Result Should Be" library="CalculatorLibrary">
<arg>${expected}</arg>
<doc>Verifies that the current result is ``expected``.</doc>
<status status="PASS" starttime="20230210 13:16:48.161" endtime="20230210 13:16:48.161"/>
</kw>
<status status="PASS" starttime="20230210 13:16:48.160" endtime="20230210 13:16:48.161"/>
</kw>
<status status="PASS" starttime="20230210 13:16:48.159" endtime="20230210 13:16:48.161"/>
</test>
<test id="s1-s1-t3" name="Multiplication" line="23">
<kw name="Calculate">
<arg>12 * 2 * 2</arg>
<arg>48</arg>
<kw name="Push Buttons" library="CalculatorLibrary">
<arg>C${expression}=</arg>
<doc>Pushes the specified ``buttons``.</doc>
<status status="PASS" starttime="20230210 13:16:48.162" endtime="20230210 13:16:48.163"/>
</kw>
<kw name="Result Should Be" library="CalculatorLibrary">
<arg>${expected}</arg>
<doc>Verifies that the current result is ``expected``.</doc>
<status status="PASS" starttime="20230210 13:16:48.163" endtime="20230210 13:16:48.163"/>
</kw>
<status status="PASS" starttime="20230210 13:16:48.162" endtime="20230210 13:16:48.163"/>
</kw>
<kw name="Calculate">
<arg>2 * -3</arg>
<arg>-6</arg>
<kw name="Push Buttons" library="CalculatorLibrary">
<arg>C${expression}=</arg>
<doc>Pushes the specified ``buttons``.</doc>
<status status="PASS" starttime="20230210 13:16:48.164" endtime="20230210 13:16:48.164"/>
</kw>
<kw name="Result Should Be" library="CalculatorLibrary">
<arg>${expected}</arg>
<doc>Verifies that the current result is ``expected``.</doc>
<status status="PASS" starttime="20230210 13:16:48.164" endtime="20230210 13:16:48.164"/>
</kw>
<status status="PASS" starttime="20230210 13:16:48.163" endtime="20230210 13:16:48.164"/>
</kw>
<status status="PASS" starttime="20230210 13:16:48.162" endtime="20230210 13:16:48.164"/>
</test>
<test id="s1-s1-t4" name="Division" line="26">
<kw name="Calculate">
<arg>12 / 2 / 2</arg>
<arg>3</arg>
<kw name="Push Buttons" library="CalculatorLibrary">
<arg>C${expression}=</arg>
<doc>Pushes the specified ``buttons``.</doc>
<status status="PASS" starttime="20230210 13:16:48.165" endtime="20230210 13:16:48.166"/>
</kw>
<kw name="Result Should Be" library="CalculatorLibrary">
<arg>${expected}</arg>
<doc>Verifies that the current result is ``expected``.</doc>
<status status="PASS" starttime="20230210 13:16:48.166" endtime="20230210 13:16:48.166"/>
</kw>
<status status="PASS" starttime="20230210 13:16:48.165" endtime="20230210 13:16:48.166"/>
</kw>
<kw name="Calculate">
<arg>2 / -3</arg>
<arg>-1</arg>
<kw name="Push Buttons" library="CalculatorLibrary">
<arg>C${expression}=</arg>
<doc>Pushes the specified ``buttons``.</doc>
<status status="PASS" starttime="20230210 13:16:48.166" endtime="20230210 13:16:48.167"/>
</kw>
<kw name="Result Should Be" library="CalculatorLibrary">
<arg>${expected}</arg>
<doc>Verifies that the current result is ``expected``.</doc>
<status status="PASS" starttime="20230210 13:16:48.167" endtime="20230210 13:16:48.167"/>
</kw>
<status status="PASS" starttime="20230210 13:16:48.166" endtime="20230210 13:16:48.167"/>
</kw>
<status status="PASS" starttime="20230210 13:16:48.165" endtime="20230210 13:16:48.167"/>
</test>
<test id="s1-s1-t5" name="Failing" line="29">
<kw name="Calculate">
<arg>1 + 1</arg>
<arg>3</arg>
<kw name="Push Buttons" library="CalculatorLibrary">
<arg>C${expression}=</arg>
<doc>Pushes the specified ``buttons``.</doc>
<status status="PASS" starttime="20230210 13:16:48.168" endtime="20230210 13:16:48.168"/>
</kw>
<kw name="Result Should Be" library="CalculatorLibrary">
<arg>${expected}</arg>
<doc>Verifies that the current result is ``expected``.</doc>
<msg timestamp="20230210 13:16:48.169" level="FAIL">2 != 3</msg>
<status status="FAIL" starttime="20230210 13:16:48.168" endtime="20230210 13:16:48.169"/>
</kw>
<status status="FAIL" starttime="20230210 13:16:48.168" endtime="20230210 13:16:48.169"/>
</kw>
<status status="FAIL" starttime="20230210 13:16:48.167" endtime="20230210 13:16:48.169">2 != 3</status>
</test>
<test id="s1-s1-t6" name="Calculation error" line="31">
<kw name="Calculation should fail">
<arg>kekkonen</arg>
<arg>Invalid button 'k'.</arg>
<kw name="Should Cause Error" library="CalculatorLibrary">
<var>${error}</var>
<arg>C${expression}=</arg>
<doc>Verifies that calculating the given ``expression`` causes an error.</doc>
<msg timestamp="20230210 13:16:48.171" level="INFO">${error} = Invalid button 'k'.</msg>
<status status="PASS" starttime="20230210 13:16:48.170" endtime="20230210 13:16:48.171"/>
</kw>
<kw name="Should Be Equal" library="BuiltIn">
<arg>${expected}</arg>
<arg>${error}</arg>
<doc>Fails if the given objects are unequal.</doc>
<status status="PASS" starttime="20230210 13:16:48.171" endtime="20230210 13:16:48.171"/>
</kw>
<status status="PASS" starttime="20230210 13:16:48.170" endtime="20230210 13:16:48.171"/>
</kw>
<kw name="Calculation should fail">
<arg>${EMPTY}</arg>
<arg>Invalid expression.</arg>
<kw name="Should Cause Error" library="CalculatorLibrary">
<var>${error}</var>
<arg>C${expression}=</arg>
<doc>Verifies that calculating the given ``expression`` causes an error.</doc>
<msg timestamp="20230210 13:16:48.172" level="INFO">${error} = Invalid expression.</msg>
<status status="PASS" starttime="20230210 13:16:48.172" endtime="20230210 13:16:48.172"/>
</kw>
<kw name="Should Be Equal" library="BuiltIn">
<arg>${expected}</arg>
<arg>${error}</arg>
<doc>Fails if the given objects are unequal.</doc>
<status status="PASS" starttime="20230210 13:16:48.172" endtime="20230210 13:16:48.173"/>
</kw>
<status status="PASS" starttime="20230210 13:16:48.171" endtime="20230210 13:16:48.173"/>
</kw>
<kw name="Calculation should fail">
<arg>1 / 0</arg>
<arg>Division by zero.</arg>
<kw name="Should Cause Error" library="CalculatorLibrary">
<var>${error}</var>
<arg>C${expression}=</arg>
<doc>Verifies that calculating the given ``expression`` causes an error.</doc>
<msg timestamp="20230210 13:16:48.173" level="INFO">${error} = Division by zero.</msg>
<status status="PASS" starttime="20230210 13:16:48.173" endtime="20230210 13:16:48.173"/>
</kw>
<kw name="Should Be Equal" library="BuiltIn">
<arg>${expected}</arg>
<arg>${error}</arg>
<doc>Fails if the given objects are unequal.</doc>
<status status="PASS" starttime="20230210 13:16:48.174" endtime="20230210 13:16:48.174"/>
</kw>
<status status="PASS" starttime="20230210 13:16:48.173" endtime="20230210 13:16:48.174"/>
</kw>
<status status="PASS" starttime="20230210 13:16:48.169" endtime="20230210 13:16:48.174"/>
</test>
<doc>Example test cases using the data-driven testing approach.

The _data-driven_ style works well when you need to repeat
the same workflow multiple times.

Tests use ``Calculate`` keyword created in this file, that in
turn uses keywords in ``CalculatorLibrary.py``. An exception
is the last test that has a custom _template keyword_.

Notice that one of these tests fails on purpose to show how
failures look like.</doc>
<status status="FAIL" starttime="20230210 13:16:48.151" endtime="20230210 13:16:48.174"/>
</suite>
<suite id="s1-s2" name="Gherkin" source="/workspace/source/gherkin.robot">
<test id="s1-s2-t1" name="Addition" line="16">
<kw name="Given calculator has been cleared">
<kw name="Push Button" library="CalculatorLibrary">
<arg>C</arg>
<doc>Pushes the specified ``button``.</doc>
<status status="PASS" starttime="20230210 13:16:48.178" endtime="20230210 13:16:48.179"/>
</kw>
<status status="PASS" starttime="20230210 13:16:48.178" endtime="20230210 13:16:48.179"/>
</kw>
<kw name="When user types &quot;1 + 1&quot;" sourcename="User types &quot;${expression}&quot;">
<kw name="Push Buttons" library="CalculatorLibrary">
<arg>${expression}</arg>
<doc>Pushes the specified ``buttons``.</doc>
<status status="PASS" starttime="20230210 13:16:48.179" endtime="20230210 13:16:48.179"/>
</kw>
<status status="PASS" starttime="20230210 13:16:48.179" endtime="20230210 13:16:48.179"/>
</kw>
<kw name="and user pushes equals">
<kw name="Push Button" library="CalculatorLibrary">
<arg>=</arg>
<doc>Pushes the specified ``button``.</doc>
<status status="PASS" starttime="20230210 13:16:48.180" endtime="20230210 13:16:48.180"/>
</kw>
<status status="PASS" starttime="20230210 13:16:48.179" endtime="20230210 13:16:48.180"/>
</kw>
<kw name="Then result is &quot;2&quot;" sourcename="Result is &quot;${result}&quot;">
<kw name="Result Should Be" library="CalculatorLibrary">
<arg>${result}</arg>
<doc>Verifies that the current result is ``expected``.</doc>
<status status="PASS" starttime="20230210 13:16:48.180" endtime="20230210 13:16:48.181"/>
</kw>
<status status="PASS" starttime="20230210 13:16:48.180" endtime="20230210 13:16:48.181"/>
</kw>
<status status="PASS" starttime="20230210 13:16:48.178" endtime="20230210 13:16:48.181"/>
</test>
<doc>Example test case using the gherkin syntax.

This test has a workflow similar to the keyword-driven
examples. The difference is that the keywords use higher
abstraction level and their arguments are embedded into
the keyword names.

This kind of _gherkin_ syntax has been made popular by
[http://cukes.info|Cucumber]. It works well especially when
tests act as examples that need to be easily understood also
by the business people.</doc>
<status status="PASS" starttime="20230210 13:16:48.175" endtime="20230210 13:16:48.181"/>
</suite>
<suite id="s1-s3" name="Keyword Driven" source="/workspace/source/keyword_driven.robot">
<test id="s1-s3-t1" name="Push button" line="16">
<kw name="Push Button" library="CalculatorLibrary">
<arg>1</arg>
<doc>Pushes the specified ``button``.</doc>
<status status="PASS" starttime="20230210 13:16:48.184" endtime="20230210 13:16:48.184"/>
</kw>
<kw name="Result Should Be" library="CalculatorLibrary">
<arg>1</arg>
<doc>Verifies that the current result is ``expected``.</doc>
<status status="PASS" starttime="20230210 13:16:48.185" endtime="20230210 13:16:48.185"/>
</kw>
<status status="PASS" starttime="20230210 13:16:48.184" endtime="20230210 13:16:48.185"/>
</test>
<test id="s1-s3-t2" name="Push multiple buttons" line="20">
<kw name="Push Button" library="CalculatorLibrary">
<arg>1</arg>
<doc>Pushes the specified ``button``.</doc>
<status status="PASS" starttime="20230210 13:16:48.185" endtime="20230210 13:16:48.186"/>
</kw>
<kw name="Push Button" library="CalculatorLibrary">
<arg>2</arg>
<doc>Pushes the specified ``button``.</doc>
<status status="PASS" starttime="20230210 13:16:48.186" endtime="20230210 13:16:48.186"/>
</kw>
<kw name="Result Should Be" library="CalculatorLibrary">
<arg>12</arg>
<doc>Verifies that the current result is ``expected``.</doc>
<status status="PASS" starttime="20230210 13:16:48.186" endtime="20230210 13:16:48.186"/>
</kw>
<status status="PASS" starttime="20230210 13:16:48.185" endtime="20230210 13:16:48.186"/>
</test>
<test id="s1-s3-t3" name="Simple calculation" line="25">
<kw name="Push Button" library="CalculatorLibrary">
<arg>1</arg>
<doc>Pushes the specified ``button``.</doc>
<status status="PASS" starttime="20230210 13:16:48.187" endtime="20230210 13:16:48.187"/>
</kw>
<kw name="Push Button" library="CalculatorLibrary">
<arg>+</arg>
<doc>Pushes the specified ``button``.</doc>
<status status="PASS" starttime="20230210 13:16:48.187" endtime="20230210 13:16:48.187"/>
</kw>
<kw name="Push Button" library="CalculatorLibrary">
<arg>2</arg>
<doc>Pushes the specified ``button``.</doc>
<status status="PASS" starttime="20230210 13:16:48.187" endtime="20230210 13:16:48.188"/>
</kw>
<kw name="Push Button" library="CalculatorLibrary">
<arg>=</arg>
<doc>Pushes the specified ``button``.</doc>
<status status="PASS" starttime="20230210 13:16:48.188" endtime="20230210 13:16:48.188"/>
</kw>
<kw name="Result Should Be" library="CalculatorLibrary">
<arg>3</arg>
<doc>Verifies that the current result is ``expected``.</doc>
<status status="PASS" starttime="20230210 13:16:48.188" endtime="20230210 13:16:48.188"/>
</kw>
<status status="PASS" starttime="20230210 13:16:48.186" endtime="20230210 13:16:48.188"/>
</test>
<test id="s1-s3-t4" name="Longer calculation" line="32">
<kw name="Push Buttons" library="CalculatorLibrary">
<arg>5 + 4 - 3 * 2 / 1 =</arg>
<doc>Pushes the specified ``buttons``.</doc>
<status status="PASS" starttime="20230210 13:16:48.189" endtime="20230210 13:16:48.189"/>
</kw>
<kw name="Result Should Be" library="CalculatorLibrary">
<arg>3</arg>
<doc>Verifies that the current result is ``expected``.</doc>
<status status="PASS" starttime="20230210 13:16:48.189" endtime="20230210 13:16:48.189"/>
</kw>
<status status="PASS" starttime="20230210 13:16:48.188" endtime="20230210 13:16:48.189"/>
</test>
<test id="s1-s3-t5" name="Clear" line="36">
<kw name="Push Button" library="CalculatorLibrary">
<arg>1</arg>
<doc>Pushes the specified ``button``.</doc>
<status status="PASS" starttime="20230210 13:16:48.190" endtime="20230210 13:16:48.190"/>
</kw>
<kw name="Push Button" library="CalculatorLibrary">
<arg>C</arg>
<doc>Pushes the specified ``button``.</doc>
<status status="PASS" starttime="20230210 13:16:48.190" endtime="20230210 13:16:48.191"/>
</kw>
<kw name="Result Should Be" library="CalculatorLibrary">
<arg>${EMPTY}</arg>
<doc>Verifies that the current result is ``expected``.</doc>
<status status="PASS" starttime="20230210 13:16:48.191" endtime="20230210 13:16:48.191"/>
</kw>
<status status="PASS" starttime="20230210 13:16:48.190" endtime="20230210 13:16:48.191"/>
</test>
<doc>Example test cases using the keyword-driven testing approach.

All tests contain a workflow constructed from keywords in
``CalculatorLibrary.py``. Creating new tests or editing
existing is easy even for people without programming skills.

The _keyword-driven_ appoach works well for normal test
automation, but the _gherkin_ style might be even better
if also business people need to understand tests. If the
same workflow needs to repeated multiple times, it is best
to use to the _data-driven_ approach.</doc>
<status status="PASS" starttime="20230210 13:16:48.182" endtime="20230210 13:16:48.192"/>
</suite>
<status status="FAIL" starttime="20230210 13:16:48.132" endtime="20230210 13:16:48.193"/>
</suite>
<statistics>
<total>
<stat pass="11" fail="1" skip="0">All Tests</stat>
</total>
<tag>
</tag>
<suite>
<stat pass="11" fail="1" skip="0" id="s1" name="Source">Source</stat>
<stat pass="5" fail="1" skip="0" id="s1-s1" name="Data Driven">Source.Data Driven</stat>
<stat pass="1" fail="0" skip="0" id="s1-s2" name="Gherkin">Source.Gherkin</stat>
<stat pass="5" fail="0" skip="0" id="s1-s3" name="Keyword Driven">Source.Keyword Driven</stat>
</suite>
</statistics>
<errors>
</errors>
</robot>
