<?xml version="1.0" encoding="UTF-8"?>
<robot generator="Robot 6.0.2 (Python 3.9.7 on linux)" generated="20230210 13:21:04.182" rpa="false" schemaversion="3">
<suite id="s1" name="Source" source="/workspace/source">
<suite id="s1-s1" name="Data Driven" source="/workspace/source/data_driven.robot">
<test id="s1-s1-t1" name="Addition" line="17">
<kw name="Calculate">
<arg>12 + 2 + 2</arg>
<arg>16</arg>
<kw name="Push Buttons" library="CalculatorLibrary">
<arg>C${expression}=</arg>
<doc>Pushes the specified ``buttons``.</doc>
<status status="PASS" starttime="20230210 13:21:04.207" endtime="20230210 13:21:04.207"/>
</kw>
<kw name="Result Should Be" library="CalculatorLibrary">
<arg>${expected}</arg>
<doc>Verifies that the current result is ``expected``.</doc>
<status status="PASS" starttime="20230210 13:21:04.207" endtime="20230210 13:21:04.208"/>
</kw>
<status status="PASS" starttime="20230210 13:21:04.207" endtime="20230210 13:21:04.208"/>
</kw>
<kw name="Calculate">
<arg>2 + -3</arg>
<arg>-1</arg>
<kw name="Push Buttons" library="CalculatorLibrary">
<arg>C${expression}=</arg>
<doc>Pushes the specified ``buttons``.</doc>
<status status="PASS" starttime="20230210 13:21:04.208" endtime="20230210 13:21:04.208"/>
</kw>
<kw name="Result Should Be" library="CalculatorLibrary">
<arg>${expected}</arg>
<doc>Verifies that the current result is ``expected``.</doc>
<status status="PASS" starttime="20230210 13:21:04.208" endtime="20230210 13:21:04.209"/>
</kw>
<status status="PASS" starttime="20230210 13:21:04.208" endtime="20230210 13:21:04.209"/>
</kw>
<status status="PASS" starttime="20230210 13:21:04.206" endtime="20230210 13:21:04.209"/>
</test>
<test id="s1-s1-t2" name="Subtraction" line="20">
<kw name="Calculate">
<arg>12 - 2 - 2</arg>
<arg>8</arg>
<kw name="Push Buttons" library="CalculatorLibrary">
<arg>C${expression}=</arg>
<doc>Pushes the specified ``buttons``.</doc>
<status status="PASS" starttime="20230210 13:21:04.210" endtime="20230210 13:21:04.210"/>
</kw>
<kw name="Result Should Be" library="CalculatorLibrary">
<arg>${expected}</arg>
<doc>Verifies that the current result is ``expected``.</doc>
<status status="PASS" starttime="20230210 13:21:04.210" endtime="20230210 13:21:04.210"/>
</kw>
<status status="PASS" starttime="20230210 13:21:04.209" endtime="20230210 13:21:04.210"/>
</kw>
<kw name="Calculate">
<arg>2 - -3</arg>
<arg>5</arg>
<kw name="Push Buttons" library="CalculatorLibrary">
<arg>C${expression}=</arg>
<doc>Pushes the specified ``buttons``.</doc>
<status status="PASS" starttime="20230210 13:21:04.211" endtime="20230210 13:21:04.211"/>
</kw>
<kw name="Result Should Be" library="CalculatorLibrary">
<arg>${expected}</arg>
<doc>Verifies that the current result is ``expected``.</doc>
<status status="PASS" starttime="20230210 13:21:04.211" endtime="20230210 13:21:04.211"/>
</kw>
<status status="PASS" starttime="20230210 13:21:04.210" endtime="20230210 13:21:04.211"/>
</kw>
<status status="PASS" starttime="20230210 13:21:04.209" endtime="20230210 13:21:04.211"/>
</test>
<test id="s1-s1-t3" name="Multiplication" line="23">
<kw name="Calculate">
<arg>12 * 2 * 2</arg>
<arg>48</arg>
<kw name="Push Buttons" library="CalculatorLibrary">
<arg>C${expression}=</arg>
<doc>Pushes the specified ``buttons``.</doc>
<status status="PASS" starttime="20230210 13:21:04.212" endtime="20230210 13:21:04.213"/>
</kw>
<kw name="Result Should Be" library="CalculatorLibrary">
<arg>${expected}</arg>
<doc>Verifies that the current result is ``expected``.</doc>
<status status="PASS" starttime="20230210 13:21:04.213" endtime="20230210 13:21:04.213"/>
</kw>
<status status="PASS" starttime="20230210 13:21:04.212" endtime="20230210 13:21:04.213"/>
</kw>
<kw name="Calculate">
<arg>2 * -3</arg>
<arg>-6</arg>
<kw name="Push Buttons" library="CalculatorLibrary">
<arg>C${expression}=</arg>
<doc>Pushes the specified ``buttons``.</doc>
<status status="PASS" starttime="20230210 13:21:04.213" endtime="20230210 13:21:04.214"/>
</kw>
<kw name="Result Should Be" library="CalculatorLibrary">
<arg>${expected}</arg>
<doc>Verifies that the current result is ``expected``.</doc>
<status status="PASS" starttime="20230210 13:21:04.214" endtime="20230210 13:21:04.214"/>
</kw>
<status status="PASS" starttime="20230210 13:21:04.213" endtime="20230210 13:21:04.214"/>
</kw>
<status status="PASS" starttime="20230210 13:21:04.212" endtime="20230210 13:21:04.214"/>
</test>
<test id="s1-s1-t4" name="Division" line="26">
<kw name="Calculate">
<arg>12 / 2 / 2</arg>
<arg>3</arg>
<kw name="Push Buttons" library="CalculatorLibrary">
<arg>C${expression}=</arg>
<doc>Pushes the specified ``buttons``.</doc>
<status status="PASS" starttime="20230210 13:21:04.215" endtime="20230210 13:21:04.215"/>
</kw>
<kw name="Result Should Be" library="CalculatorLibrary">
<arg>${expected}</arg>
<doc>Verifies that the current result is ``expected``.</doc>
<status status="PASS" starttime="20230210 13:21:04.215" endtime="20230210 13:21:04.215"/>
</kw>
<status status="PASS" starttime="20230210 13:21:04.215" endtime="20230210 13:21:04.216"/>
</kw>
<kw name="Calculate">
<arg>2 / -3</arg>
<arg>-1</arg>
<kw name="Push Buttons" library="CalculatorLibrary">
<arg>C${expression}=</arg>
<doc>Pushes the specified ``buttons``.</doc>
<status status="PASS" starttime="20230210 13:21:04.216" endtime="20230210 13:21:04.216"/>
</kw>
<kw name="Result Should Be" library="CalculatorLibrary">
<arg>${expected}</arg>
<doc>Verifies that the current result is ``expected``.</doc>
<status status="PASS" starttime="20230210 13:21:04.216" endtime="20230210 13:21:04.216"/>
</kw>
<status status="PASS" starttime="20230210 13:21:04.216" endtime="20230210 13:21:04.217"/>
</kw>
<status status="PASS" starttime="20230210 13:21:04.214" endtime="20230210 13:21:04.217"/>
</test>
<test id="s1-s1-t5" name="Failing" line="29">
<kw name="Calculate">
<arg>2 + 1</arg>
<arg>3</arg>
<kw name="Push Buttons" library="CalculatorLibrary">
<arg>C${expression}=</arg>
<doc>Pushes the specified ``buttons``.</doc>
<status status="PASS" starttime="20230210 13:21:04.217" endtime="20230210 13:21:04.218"/>
</kw>
<kw name="Result Should Be" library="CalculatorLibrary">
<arg>${expected}</arg>
<doc>Verifies that the current result is ``expected``.</doc>
<status status="PASS" starttime="20230210 13:21:04.218" endtime="20230210 13:21:04.218"/>
</kw>
<status status="PASS" starttime="20230210 13:21:04.217" endtime="20230210 13:21:04.218"/>
</kw>
<status status="PASS" starttime="20230210 13:21:04.217" endtime="20230210 13:21:04.218"/>
</test>
<test id="s1-s1-t6" name="Calculation error" line="31">
<kw name="Calculation should fail">
<arg>kekkonen</arg>
<arg>Invalid button 'k'.</arg>
<kw name="Should Cause Error" library="CalculatorLibrary">
<var>${error}</var>
<arg>C${expression}=</arg>
<doc>Verifies that calculating the given ``expression`` causes an error.</doc>
<msg timestamp="20230210 13:21:04.219" level="INFO">${error} = Invalid button 'k'.</msg>
<status status="PASS" starttime="20230210 13:21:04.219" endtime="20230210 13:21:04.219"/>
</kw>
<kw name="Should Be Equal" library="BuiltIn">
<arg>${expected}</arg>
<arg>${error}</arg>
<doc>Fails if the given objects are unequal.</doc>
<status status="PASS" starttime="20230210 13:21:04.219" endtime="20230210 13:21:04.220"/>
</kw>
<status status="PASS" starttime="20230210 13:21:04.219" endtime="20230210 13:21:04.220"/>
</kw>
<kw name="Calculation should fail">
<arg>${EMPTY}</arg>
<arg>Invalid expression.</arg>
<kw name="Should Cause Error" library="CalculatorLibrary">
<var>${error}</var>
<arg>C${expression}=</arg>
<doc>Verifies that calculating the given ``expression`` causes an error.</doc>
<msg timestamp="20230210 13:21:04.221" level="INFO">${error} = Invalid expression.</msg>
<status status="PASS" starttime="20230210 13:21:04.220" endtime="20230210 13:21:04.221"/>
</kw>
<kw name="Should Be Equal" library="BuiltIn">
<arg>${expected}</arg>
<arg>${error}</arg>
<doc>Fails if the given objects are unequal.</doc>
<status status="PASS" starttime="20230210 13:21:04.221" endtime="20230210 13:21:04.221"/>
</kw>
<status status="PASS" starttime="20230210 13:21:04.220" endtime="20230210 13:21:04.221"/>
</kw>
<kw name="Calculation should fail">
<arg>1 / 0</arg>
<arg>Division by zero.</arg>
<kw name="Should Cause Error" library="CalculatorLibrary">
<var>${error}</var>
<arg>C${expression}=</arg>
<doc>Verifies that calculating the given ``expression`` causes an error.</doc>
<msg timestamp="20230210 13:21:04.222" level="INFO">${error} = Division by zero.</msg>
<status status="PASS" starttime="20230210 13:21:04.222" endtime="20230210 13:21:04.222"/>
</kw>
<kw name="Should Be Equal" library="BuiltIn">
<arg>${expected}</arg>
<arg>${error}</arg>
<doc>Fails if the given objects are unequal.</doc>
<status status="PASS" starttime="20230210 13:21:04.222" endtime="20230210 13:21:04.222"/>
</kw>
<status status="PASS" starttime="20230210 13:21:04.221" endtime="20230210 13:21:04.222"/>
</kw>
<status status="PASS" starttime="20230210 13:21:04.218" endtime="20230210 13:21:04.222"/>
</test>
<doc>Example test cases using the data-driven testing approach.

The _data-driven_ style works well when you need to repeat
the same workflow multiple times.

Tests use ``Calculate`` keyword created in this file, that in
turn uses keywords in ``CalculatorLibrary.py``. An exception
is the last test that has a custom _template keyword_.

Notice that one of these tests fails on purpose to show how
failures look like.</doc>
<status status="PASS" starttime="20230210 13:21:04.203" endtime="20230210 13:21:04.223"/>
</suite>
<suite id="s1-s2" name="Gherkin" source="/workspace/source/gherkin.robot">
<test id="s1-s2-t1" name="Addition" line="16">
<kw name="Given calculator has been cleared">
<kw name="Push Button" library="CalculatorLibrary">
<arg>C</arg>
<doc>Pushes the specified ``button``.</doc>
<status status="PASS" starttime="20230210 13:21:04.227" endtime="20230210 13:21:04.227"/>
</kw>
<status status="PASS" starttime="20230210 13:21:04.227" endtime="20230210 13:21:04.227"/>
</kw>
<kw name="When user types &quot;1 + 1&quot;" sourcename="User types &quot;${expression}&quot;">
<kw name="Push Buttons" library="CalculatorLibrary">
<arg>${expression}</arg>
<doc>Pushes the specified ``buttons``.</doc>
<status status="PASS" starttime="20230210 13:21:04.228" endtime="20230210 13:21:04.228"/>
</kw>
<status status="PASS" starttime="20230210 13:21:04.228" endtime="20230210 13:21:04.228"/>
</kw>
<kw name="and user pushes equals">
<kw name="Push Button" library="CalculatorLibrary">
<arg>=</arg>
<doc>Pushes the specified ``button``.</doc>
<status status="PASS" starttime="20230210 13:21:04.228" endtime="20230210 13:21:04.229"/>
</kw>
<status status="PASS" starttime="20230210 13:21:04.228" endtime="20230210 13:21:04.229"/>
</kw>
<kw name="Then result is &quot;2&quot;" sourcename="Result is &quot;${result}&quot;">
<kw name="Result Should Be" library="CalculatorLibrary">
<arg>${result}</arg>
<doc>Verifies that the current result is ``expected``.</doc>
<status status="PASS" starttime="20230210 13:21:04.229" endtime="20230210 13:21:04.229"/>
</kw>
<status status="PASS" starttime="20230210 13:21:04.229" endtime="20230210 13:21:04.229"/>
</kw>
<status status="PASS" starttime="20230210 13:21:04.226" endtime="20230210 13:21:04.229"/>
</test>
<doc>Example test case using the gherkin syntax.

This test has a workflow similar to the keyword-driven
examples. The difference is that the keywords use higher
abstraction level and their arguments are embedded into
the keyword names.

This kind of _gherkin_ syntax has been made popular by
[http://cukes.info|Cucumber]. It works well especially when
tests act as examples that need to be easily understood also
by the business people.</doc>
<status status="PASS" starttime="20230210 13:21:04.224" endtime="20230210 13:21:04.230"/>
</suite>
<suite id="s1-s3" name="Keyword Driven" source="/workspace/source/keyword_driven.robot">
<test id="s1-s3-t1" name="Push button" line="16">
<kw name="Push Button" library="CalculatorLibrary">
<arg>1</arg>
<doc>Pushes the specified ``button``.</doc>
<status status="PASS" starttime="20230210 13:21:04.233" endtime="20230210 13:21:04.234"/>
</kw>
<kw name="Result Should Be" library="CalculatorLibrary">
<arg>1</arg>
<doc>Verifies that the current result is ``expected``.</doc>
<status status="PASS" starttime="20230210 13:21:04.234" endtime="20230210 13:21:04.234"/>
</kw>
<status status="PASS" starttime="20230210 13:21:04.233" endtime="20230210 13:21:04.234"/>
</test>
<test id="s1-s3-t2" name="Push multiple buttons" line="20">
<kw name="Push Button" library="CalculatorLibrary">
<arg>1</arg>
<doc>Pushes the specified ``button``.</doc>
<status status="PASS" starttime="20230210 13:21:04.235" endtime="20230210 13:21:04.235"/>
</kw>
<kw name="Push Button" library="CalculatorLibrary">
<arg>2</arg>
<doc>Pushes the specified ``button``.</doc>
<status status="PASS" starttime="20230210 13:21:04.235" endtime="20230210 13:21:04.236"/>
</kw>
<kw name="Result Should Be" library="CalculatorLibrary">
<arg>12</arg>
<doc>Verifies that the current result is ``expected``.</doc>
<status status="PASS" starttime="20230210 13:21:04.236" endtime="20230210 13:21:04.236"/>
</kw>
<status status="PASS" starttime="20230210 13:21:04.234" endtime="20230210 13:21:04.236"/>
</test>
<test id="s1-s3-t3" name="Simple calculation" line="25">
<kw name="Push Button" library="CalculatorLibrary">
<arg>1</arg>
<doc>Pushes the specified ``button``.</doc>
<status status="PASS" starttime="20230210 13:21:04.237" endtime="20230210 13:21:04.237"/>
</kw>
<kw name="Push Button" library="CalculatorLibrary">
<arg>+</arg>
<doc>Pushes the specified ``button``.</doc>
<status status="PASS" starttime="20230210 13:21:04.237" endtime="20230210 13:21:04.237"/>
</kw>
<kw name="Push Button" library="CalculatorLibrary">
<arg>2</arg>
<doc>Pushes the specified ``button``.</doc>
<status status="PASS" starttime="20230210 13:21:04.237" endtime="20230210 13:21:04.237"/>
</kw>
<kw name="Push Button" library="CalculatorLibrary">
<arg>=</arg>
<doc>Pushes the specified ``button``.</doc>
<status status="PASS" starttime="20230210 13:21:04.237" endtime="20230210 13:21:04.238"/>
</kw>
<kw name="Result Should Be" library="CalculatorLibrary">
<arg>3</arg>
<doc>Verifies that the current result is ``expected``.</doc>
<status status="PASS" starttime="20230210 13:21:04.238" endtime="20230210 13:21:04.238"/>
</kw>
<status status="PASS" starttime="20230210 13:21:04.236" endtime="20230210 13:21:04.238"/>
</test>
<test id="s1-s3-t4" name="Longer calculation" line="32">
<kw name="Push Buttons" library="CalculatorLibrary">
<arg>5 + 4 - 3 * 2 / 1 =</arg>
<doc>Pushes the specified ``buttons``.</doc>
<status status="PASS" starttime="20230210 13:21:04.239" endtime="20230210 13:21:04.239"/>
</kw>
<kw name="Result Should Be" library="CalculatorLibrary">
<arg>3</arg>
<doc>Verifies that the current result is ``expected``.</doc>
<status status="PASS" starttime="20230210 13:21:04.239" endtime="20230210 13:21:04.239"/>
</kw>
<status status="PASS" starttime="20230210 13:21:04.238" endtime="20230210 13:21:04.239"/>
</test>
<test id="s1-s3-t5" name="Clear" line="36">
<kw name="Push Button" library="CalculatorLibrary">
<arg>1</arg>
<doc>Pushes the specified ``button``.</doc>
<status status="PASS" starttime="20230210 13:21:04.240" endtime="20230210 13:21:04.240"/>
</kw>
<kw name="Push Button" library="CalculatorLibrary">
<arg>C</arg>
<doc>Pushes the specified ``button``.</doc>
<status status="PASS" starttime="20230210 13:21:04.241" endtime="20230210 13:21:04.241"/>
</kw>
<kw name="Result Should Be" library="CalculatorLibrary">
<arg>${EMPTY}</arg>
<doc>Verifies that the current result is ``expected``.</doc>
<status status="PASS" starttime="20230210 13:21:04.241" endtime="20230210 13:21:04.241"/>
</kw>
<status status="PASS" starttime="20230210 13:21:04.240" endtime="20230210 13:21:04.241"/>
</test>
<doc>Example test cases using the keyword-driven testing approach.

All tests contain a workflow constructed from keywords in
``CalculatorLibrary.py``. Creating new tests or editing
existing is easy even for people without programming skills.

The _keyword-driven_ appoach works well for normal test
automation, but the _gherkin_ style might be even better
if also business people need to understand tests. If the
same workflow needs to repeated multiple times, it is best
to use to the _data-driven_ approach.</doc>
<status status="PASS" starttime="20230210 13:21:04.231" endtime="20230210 13:21:04.242"/>
</suite>
<status status="PASS" starttime="20230210 13:21:04.183" endtime="20230210 13:21:04.243"/>
</suite>
<statistics>
<total>
<stat pass="12" fail="0" skip="0">All Tests</stat>
</total>
<tag>
</tag>
<suite>
<stat pass="12" fail="0" skip="0" id="s1" name="Source">Source</stat>
<stat pass="6" fail="0" skip="0" id="s1-s1" name="Data Driven">Source.Data Driven</stat>
<stat pass="1" fail="0" skip="0" id="s1-s2" name="Gherkin">Source.Gherkin</stat>
<stat pass="5" fail="0" skip="0" id="s1-s3" name="Keyword Driven">Source.Keyword Driven</stat>
</suite>
</statistics>
<errors>
</errors>
</robot>
